<?xml version="1.0" encoding="UTF-8"?>
<!-- Generated by org.testng.reporters.JUnitReportReporter -->
<testsuite skipped="0" hostname="this" name="sample.HtmlUnitTest" tests="1" failures="0" timestamp="22 12 2018 01:19:31 GMT" time="3.654" errors="0">
  <testcase name="test01" time="3.654" classname="sample.HtmlUnitTest"/>
</testsuite> <!-- sample.HtmlUnitTest -->
