<?xml version="1.0" encoding="UTF-8"?>
<!-- Generated by org.testng.reporters.JUnitReportReporter -->
<testsuite skipped="0" hostname="NTTD_kaihatsu15" name="sample.ExampleTest" tests="1" failures="0" timestamp="09 11 2018 02:58:57 GMT" time="0.611" errors="0">
  <testcase name="test01" time="0.611" classname="sample.ExampleTest"/>
</testsuite> <!-- sample.ExampleTest -->
