<?xml version="1.0" encoding="UTF-8"?>
<!-- Generated by org.testng.reporters.JUnitReportReporter -->
<testsuite skipped="0" hostname="NTTD_kaihatsu15" name="sample.MockMvcTest" tests="1" failures="0" timestamp="09 11 2018 09:09:04 GMT" time="0.048" errors="0">
  <testcase name="test01" time="0.048" classname="sample.MockMvcTest"/>
</testsuite> <!-- sample.MockMvcTest -->
