<?xml version="1.0" encoding="UTF-8"?>
<!-- Generated by org.testng.reporters.JUnitReportReporter -->
<testsuite skipped="0" hostname="this" name="sample.JDBITest" tests="1" failures="0" timestamp="22 12 2018 01:33:13 GMT" time="1.515" errors="0">
  <testcase name="test01" time="1.515" classname="sample.JDBITest"/>
</testsuite> <!-- sample.JDBITest -->
